Performing C SOURCE FILE Test CMAKE_HAVE_LIBC_PTHREAD failed with the following output:
Change Dir: /home/eduardo/Documentos/Projetos/zxing-cpp/build/CMakeFiles/CMakeTmp

Run Build Command(s):/usr/bin/make cmTC_de29b/fast && /usr/bin/make -f CMakeFiles/cmTC_de29b.dir/build.make CMakeFiles/cmTC_de29b.dir/build
make[1]: Entrando no diretório '/home/eduardo/Documentos/Projetos/zxing-cpp/build/CMakeFiles/CMakeTmp'
Building C object CMakeFiles/cmTC_de29b.dir/src.c.o
/usr/bin/gcc   -DCMAKE_HAVE_LIBC_PTHREAD -fPIE   -o CMakeFiles/cmTC_de29b.dir/src.c.o   -c /home/eduardo/Documentos/Projetos/zxing-cpp/build/CMakeFiles/CMakeTmp/src.c
Linking C executable cmTC_de29b
/usr/bin/cmake -E cmake_link_script CMakeFiles/cmTC_de29b.dir/link.txt --verbose=1
/usr/bin/gcc  -DCMAKE_HAVE_LIBC_PTHREAD    CMakeFiles/cmTC_de29b.dir/src.c.o  -o cmTC_de29b 
/usr/bin/ld: CMakeFiles/cmTC_de29b.dir/src.c.o: na função "main":
src.c:(.text+0x46): referência não definida para "pthread_create"
/usr/bin/ld: src.c:(.text+0x52): referência não definida para "pthread_detach"
/usr/bin/ld: src.c:(.text+0x63): referência não definida para "pthread_join"
collect2: error: ld returned 1 exit status
make[1]: *** [CMakeFiles/cmTC_de29b.dir/build.make:87: cmTC_de29b] Erro 1
make[1]: Saindo do diretório '/home/eduardo/Documentos/Projetos/zxing-cpp/build/CMakeFiles/CMakeTmp'
make: *** [Makefile:121: cmTC_de29b/fast] Erro 2


Source file was:
#include <pthread.h>

void* test_func(void* data)
{
  return data;
}

int main(void)
{
  pthread_t thread;
  pthread_create(&thread, NULL, test_func, NULL);
  pthread_detach(thread);
  pthread_join(thread, NULL);
  pthread_atfork(NULL, NULL, NULL);
  pthread_exit(NULL);

  return 0;
}

